559.182933
569.599381
668.506731
317.545616
581.363643
612.552735
239.393285
745.539503
278.005051
591.732506
303.147020
442.957088
494.009710
700.017605
513.076199
0.000000
323.202753
188.208435
714.193889
698.435789
366.531751
408.988819
No Solution
218.253885
190.326752
235.970292
281.896798
695.174861
505.913381
No Solution
640.449251
705.681785
0.000000
414.254341
514.193665
508.199296
613.108855
631.052802
421.976046
304.780693
386.791170
671.665726
343.327551
542.899959
674.857591
443.319694
340.910343
493.238086
104.002325
No Solution
348.841088
559.536960
316.602991
89.801099
512.558726
417.922623
204.923898
195.152325
256.299347
554.708888
304.962027
No Solution
395.923701
No Solution
383.676816
295.473017
No Solution
433.587296
604.104608
703.365918
655.802623
690.701118
No Solution
500.389367
547.232711
0.000000
569.357050
713.532862
395.060081
0.000000
459.260920
675.282221
607.029284
713.689758
365.880201
363.918656
661.193072
575.234318
391.140157
171.453176
No Solution
731.451892
470.641433
294.012056
226.164105
No Solution
192.922770
525.952554
402.061879
667.907353
